<?xml version="1.0" encoding="UTF-8"?>
<!-- Generated by org.testng.reporters.JUnitXMLReporter -->
<testsuite ignored="0" hostname="DESKTOP-QU5MOB9" failures="1" tests="1" name="Default test(failed)" time="0.09" errors="0" timestamp="2021-06-25T12:05:12 IST">
  <testcase classname="testNG.Demo" name="f" time="0.015">
    <failure type="java.lang.Error" message="Unresolved compilation problems: 
	result cannot be resolved to a variable
	Syntax error, insert &amp;quot;:: IdentifierOrNew&amp;quot; to complete ReferenceExpression
	Syntax error, insert &amp;quot;;&amp;quot; to complete Statement
	a cannot be resolved to a variable
">
      <![CDATA[java.lang.Error: Unresolved compilation problems: 
result cannot be resolved to a variable
Syntax error, insert ":: IdentifierOrNew" to complete ReferenceExpression
Syntax error, insert ";" to complete Statement
a cannot be resolved to a variable

at testNG.Demo.f(Demo.java:10)
at java.base/java.util.ArrayList.forEach(ArrayList.java:1511)
... Removed 27 stack frames]]>
    </failure>
  </testcase> <!-- f -->
</testsuite> <!-- Default test(failed) -->
